{
  "RSpec": {
    "coverage": {
      "/Users/casey/Documents/angular_awesomeness/blog/app/controllers/languages_controller.rb": [
        1,
        1,
        null,
        1,
        3,
        null,
        3,
        null,
        null
      ],
      "/Users/casey/Documents/angular_awesomeness/blog/app/controllers/application_controller.rb": [
        1,
        null,
        null,
        1,
        null
      ],
      "/Users/casey/Documents/angular_awesomeness/blog/spec/controllers/lessons_controller_spec.rb": [
        1,
        null,
        1,
        1,
        0,
        0,
        null,
        null,
        1,
        null,
        1,
        0,
        null,
        null,
        1,
        0,
        null,
        null,
        1,
        0,
        null,
        null,
        null,
        null
      ],
      "/Users/casey/Documents/angular_awesomeness/blog/app/controllers/lessons_controller.rb": [
        1,
        1,
        null,
        1,
        0,
        0,
        null,
        0,
        null,
        null
      ],
      "/Users/casey/Documents/angular_awesomeness/blog/spec/models/language_spec.rb": [
        1,
        null,
        1,
        1,
        2,
        null,
        null,
        1,
        2,
        null,
        null,
        null
      ],
      "/Users/casey/Documents/angular_awesomeness/blog/app/models/language.rb": [
        1,
        1,
        null
      ],
      "/Users/casey/Documents/angular_awesomeness/blog/spec/models/lesson_spec.rb": [
        1,
        null,
        1,
        1,
        2,
        2,
        null,
        null,
        1,
        2,
        2,
        2,
        null,
        null
      ],
      "/Users/casey/Documents/angular_awesomeness/blog/app/models/lesson.rb": [
        1,
        1,
        1,
        1,
        null
      ],
      "/Users/casey/Documents/angular_awesomeness/blog/spec/models/performance_spec.rb": [
        1,
        null,
        1,
        1,
        2,
        2,
        2,
        2,
        2,
        2,
        null,
        null,
        1,
        2,
        2,
        null,
        null,
        null
      ],
      "/Users/casey/Documents/angular_awesomeness/blog/app/models/performance.rb": [
        1,
        1,
        1,
        null
      ],
      "/Users/casey/Documents/angular_awesomeness/blog/spec/models/script_spec.rb": [
        1,
        null,
        1,
        1,
        2,
        2,
        2,
        null,
        null,
        1,
        2,
        2,
        null,
        null,
        null
      ],
      "/Users/casey/Documents/angular_awesomeness/blog/app/models/script.rb": [
        1,
        1,
        1,
        null
      ],
      "/Users/casey/Documents/angular_awesomeness/blog/spec/models/track_spec.rb": [
        1,
        null,
        1,
        1,
        2,
        2,
        null,
        null,
        1,
        2,
        2,
        null,
        null,
        null
      ],
      "/Users/casey/Documents/angular_awesomeness/blog/app/models/track.rb": [
        1,
        1,
        1,
        null
      ],
      "/Users/casey/Documents/angular_awesomeness/blog/spec/models/user_spec.rb": [
        1,
        null,
        1,
        1,
        2,
        2,
        2,
        null,
        null,
        1,
        2,
        2,
        2,
        null,
        null,
        null
      ],
      "/Users/casey/Documents/angular_awesomeness/blog/app/models/user.rb": [
        1,
        1,
        1,
        1,
        null
      ]
    },
    "timestamp": 1402871692
  }
}
